app/build/intermediates/manifest_merge_blame_file/debug/manifest-merger-blame-debug-report.txt
1<?xml version="1.0" encoding="utf-8"?>
2<manifest xmlns:android="http://schemas.android.com/apk/res/android"
3    package="com.example.chatgptapp"
4    android:versionCode="1"
5    android:versionName="1.0" >
6
7    <uses-sdk
8        android:minSdkVersion="21"
8-->src\main\AndroidManifest.xml
9        android:targetSdkVersion="30" />
9-->src\main\AndroidManifest.xml
10
11    <uses-permission android:name="android.permission.INTERNET" />
11-->src\main\AndroidManifest.xml:5:5-67
11-->src\main\AndroidManifest.xml:5:22-64
12
13    <application
13-->src\main\AndroidManifest.xml:7:5-38:19
14        android:allowBackup="true"
14-->src\main\AndroidManifest.xml:8:9-35
15        android:appComponentFactory="androidx.core.app.CoreComponentFactory"
15-->[androidx.core:core:1.3.2] AndroidManifest.xml:24:18-86
16        android:debuggable="true"
17        android:icon="@mipmap/icon"
17-->src\main\AndroidManifest.xml:9:9-36
18        android:label="@string/app_name"
18-->src\main\AndroidManifest.xml:10:9-41
19        android:networkSecurityConfig="@xml/network_security_config"
19-->src\main\AndroidManifest.xml:11:9-69
20        android:roundIcon="@mipmap/ic_launcher_round"
20-->src\main\AndroidManifest.xml:12:9-54
21        android:supportsRtl="true"
21-->src\main\AndroidManifest.xml:13:9-35
22        android:testOnly="true"
23        android:theme="@style/Theme.ChatGptApp" >
23-->src\main\AndroidManifest.xml:14:9-48
24        <activity
24-->src\main\AndroidManifest.xml:15:9-17:39
25            android:name="com.example.chatgptapp.SettingActivity"
25-->src\main\AndroidManifest.xml:16:13-44
26            android:exported="true" />
26-->src\main\AndroidManifest.xml:17:13-36
27
28        <meta-data
28-->src\main\AndroidManifest.xml:19:9-21:63
29            android:name="com.google.android.actions"
29-->src\main\AndroidManifest.xml:20:13-54
30            android:resource="@xml/network_security_config" />
30-->src\main\AndroidManifest.xml:21:13-60
31
32        <activity
32-->src\main\AndroidManifest.xml:23:9-33:20
33            android:name="com.example.chatgptapp.MainActivity"
33-->src\main\AndroidManifest.xml:24:13-41
34            android:configChanges="keyboardHidden|orientation|screenSize"
34-->src\main\AndroidManifest.xml:25:13-74
35            android:exported="true"
35-->src\main\AndroidManifest.xml:26:13-36
36            android:screenOrientation="portrait"
36-->src\main\AndroidManifest.xml:27:13-49
37            android:windowSoftInputMode="stateHidden|adjustPan" >
37-->src\main\AndroidManifest.xml:28:13-64
38            <intent-filter>
38-->src\main\AndroidManifest.xml:29:13-32:29
39                <action android:name="android.intent.action.MAIN" />
39-->src\main\AndroidManifest.xml:30:17-69
39-->src\main\AndroidManifest.xml:30:25-66
40
41                <category android:name="android.intent.category.LAUNCHER" />
41-->src\main\AndroidManifest.xml:31:17-77
41-->src\main\AndroidManifest.xml:31:27-74
42            </intent-filter>
43        </activity>
44        <activity
44-->src\main\AndroidManifest.xml:34:9-37:61
45            android:name="com.example.chatgptapp.IntroductionActivity"
45-->src\main\AndroidManifest.xml:35:13-49
46            android:exported="true"
46-->src\main\AndroidManifest.xml:36:13-36
47            android:screenOrientation="portrait" />
47-->src\main\AndroidManifest.xml:37:13-49
48    </application>
49
50</manifest>